<?xml version="1.0" encoding="UTF-8"?>
<!-- Generated by org.testng.reporters.JUnitReportReporter -->
<testsuite hostname="WKWZTywrXeq4hFI" failures="0" tests="4" name="testing.MyFirstTestNGTest" time="0.011" errors="0" timestamp="2022-11-22T19:10:40 IST" skipped="0">
  <testcase classname="testing.MyFirstTestNGTest" name="deleteAccount" time="0.002"/>
  <system-out/>
  <testcase classname="testing.MyFirstTestNGTest" name="createAccount" time="0.006"/>
  <system-out/>
  <testcase classname="testing.MyFirstTestNGTest" name="logOutFromApplication" time="0.001"/>
  <system-out/>
  <testcase classname="testing.MyFirstTestNGTest" name="login" time="0.002"/>
  <system-out/>
</testsuite> <!-- testing.MyFirstTestNGTest -->
