<?xml version="1.0" encoding="UTF-8"?>
<!-- Generated by org.testng.reporters.JUnitReportReporter -->
<testsuite hostname="WKWZTywrXeq4hFI" failures="0" tests="1" name="day5.FileUpload" time="8.874" errors="0" timestamp="2022-11-24T15:40:42 IST" skipped="0">
  <testcase classname="day5.FileUpload" name="testFile" time="8.874"/>
  <system-out/>
</testsuite> <!-- day5.FileUpload -->
