<?xml version="1.0" encoding="UTF-8"?>
<!-- Generated by org.testng.reporters.JUnitReportReporter -->
<testsuite hostname="WKWZTywrXeq4hFI" failures="0" tests="1" name="day4.ReadingExcel" time="0.015" errors="0" timestamp="2022-11-24T09:58:52 IST" skipped="0">
  <testcase classname="day4.ReadingExcel" name="testdata" time="0.015"/>
  <system-out/>
</testsuite> <!-- day4.ReadingExcel -->
