<?xml version="1.0" encoding="UTF-8"?>
<!-- Generated by org.testng.reporters.JUnitReportReporter -->
<testsuite hostname="WKWZTywrXeq4hFI" failures="0" tests="4" name="test_reporting.Login" time="21.062" errors="0" timestamp="2022-11-22T19:10:40 IST" skipped="0">
  <testcase classname="test_reporting.Login" name="validPassword" time="8.577"/>
  <system-out/>
  <testcase classname="test_reporting.Login" name="invalidUser" time="4.281"/>
  <system-out/>
  <testcase classname="test_reporting.Login" name="noEntry" time="3.832"/>
  <system-out/>
  <testcase classname="test_reporting.Login" name="invalidPassword" time="4.372"/>
  <system-out/>
</testsuite> <!-- test_reporting.Login -->
