<?xml version="1.0" encoding="UTF-8"?>
<!-- Generated by org.testng.reporters.JUnitReportReporter -->
<testsuite hostname="WKWZTywrXeq4hFI" failures="0" tests="1" name="test_reporting.MyFirstSeleniumScript" time="4.594" errors="0" timestamp="2022-11-22T19:10:40 IST" skipped="0">
  <testcase classname="test_reporting.MyFirstSeleniumScript" name="amazonTitle" time="4.594"/>
  <system-out/>
</testsuite> <!-- test_reporting.MyFirstSeleniumScript -->
