<?xml version="1.0" encoding="UTF-8"?>
<!-- Generated by org.testng.reporters.JUnitReportReporter -->
<testsuite hostname="WKWZTywrXeq4hFI" failures="0" tests="1" name="testing.LoginTest" time="5.813" errors="0" timestamp="2022-11-22T19:10:40 IST" skipped="0">
  <testcase classname="testing.LoginTest" name="verifyNoEntry" time="5.813"/>
  <system-out/>
</testsuite> <!-- testing.LoginTest -->
