<?xml version="1.0" encoding="UTF-8"?>
<!-- Generated by org.testng.reporters.JUnitReportReporter -->
<testsuite hostname="WKWZTywrXeq4hFI" failures="0" tests="4" name="testing.Login" time="21.438" errors="0" timestamp="2022-11-22T19:10:40 IST" skipped="0">
  <testcase classname="testing.Login" name="noEntry" time="3.808"/>
  <system-out/>
  <testcase classname="testing.Login" name="invalidPassword" time="4.603"/>
  <system-out/>
  <testcase classname="testing.Login" name="invalidUser" time="4.359"/>
  <system-out/>
  <testcase classname="testing.Login" name="validPassword" time="8.668"/>
  <system-out/>
</testsuite> <!-- testing.Login -->
