<?xml version="1.0" encoding="UTF-8"?>
<!-- Generated by org.testng.reporters.JUnitReportReporter -->
<testsuite hostname="WKWZTywrXeq4hFI" failures="0" tests="4" name="testing.MyFirstTestNGTest" time="0.004" errors="0" timestamp="2022-11-23T15:53:13 IST" skipped="0">
  <testcase classname="testing.MyFirstTestNGTest" name="createAccount" time="0.004"/>
  <system-out/>
  <testcase classname="testing.MyFirstTestNGTest" name="deleteAccount" time="0.000"/>
  <system-out/>
  <testcase classname="testing.MyFirstTestNGTest" name="logOutFromApplication" time="0.000"/>
  <system-out/>
  <testcase classname="testing.MyFirstTestNGTest" name="login" time="0.000"/>
  <system-out/>
</testsuite> <!-- testing.MyFirstTestNGTest -->
