<?xml version="1.0" encoding="UTF-8"?>
<!-- Generated by org.testng.reporters.JUnitReportReporter -->
<testsuite hostname="WKWZTywrXeq4hFI" failures="0" tests="4" name="testing.Login" time="18.175" errors="0" timestamp="2022-11-23T15:53:13 IST" skipped="0">
  <testcase classname="testing.Login" name="validPassword" time="7.865"/>
  <system-out/>
  <testcase classname="testing.Login" name="invalidPassword" time="3.517"/>
  <system-out/>
  <testcase classname="testing.Login" name="noEntry" time="3.572"/>
  <system-out/>
  <testcase classname="testing.Login" name="invalidUser" time="3.221"/>
  <system-out/>
</testsuite> <!-- testing.Login -->
