<?xml version="1.0" encoding="UTF-8"?>
<!-- Generated by org.testng.reporters.JUnitReportReporter -->
<testsuite hostname="WKWZTywrXeq4hFI" failures="0" tests="4" name="test_reporting.Login" time="18.464" errors="0" timestamp="2022-11-23T15:53:13 IST" skipped="0">
  <testcase classname="test_reporting.Login" name="invalidPassword" time="4.008"/>
  <system-out/>
  <testcase classname="test_reporting.Login" name="invalidUser" time="3.356"/>
  <system-out/>
  <testcase classname="test_reporting.Login" name="noEntry" time="3.638"/>
  <system-out/>
  <testcase classname="test_reporting.Login" name="validPassword" time="7.462"/>
  <system-out/>
</testsuite> <!-- test_reporting.Login -->
