<?xml version="1.0" encoding="UTF-8"?>
<!-- Generated by org.testng.reporters.JUnitReportReporter -->
<testsuite hostname="WKWZTywrXeq4hFI" failures="0" tests="1" name="test_reporting.MyFirstSeleniumScript2" time="2.012" errors="0" timestamp="2022-11-23T15:53:13 IST" skipped="0">
  <testcase classname="test_reporting.MyFirstSeleniumScript2" name="ineuronLogin" time="2.012"/>
  <system-out/>
</testsuite> <!-- test_reporting.MyFirstSeleniumScript2 -->
